[0.005s] Invoking command in '/home/moon/ros2_ws/src/slam_toolbox/build/slam_toolbox': CMAKE_PREFIX_PATH=/opt/ros/humble /usr/bin/cmake /home/moon/ros2_ws/src/slam_toolbox -DCMAKE_INSTALL_PREFIX=/home/moon/ros2_ws/src/slam_toolbox/install/slam_toolbox
[0.048s] -- The C compiler identification is GNU 11.4.0
[0.123s] -- The CXX compiler identification is GNU 11.4.0
[0.128s] -- Detecting C compiler ABI info
[0.167s] -- Detecting C compiler ABI info - done
[0.172s] -- Check for working C compiler: /usr/bin/cc - skipped
[0.172s] -- Detecting C compile features
[0.172s] -- Detecting C compile features - done
[0.174s] -- Detecting CXX compiler ABI info
[0.216s] -- Detecting CXX compiler ABI info - done
[0.222s] -- Check for working CXX compiler: /usr/bin/c++ - skipped
[0.223s] -- Detecting CXX compile features
[0.223s] -- Detecting CXX compile features - done
[0.224s] -- Found ament_cmake: 1.3.10 (/opt/ros/humble/share/ament_cmake/cmake)
[0.311s] -- Found Python3: /usr/bin/python3 (found version "3.10.12") found components: Interpreter 
[0.354s] -- Found message_filters: 4.3.5 (/opt/ros/humble/share/message_filters/cmake)
[0.375s] -- Found rosidl_generator_c: 3.1.5 (/opt/ros/humble/share/rosidl_generator_c/cmake)
[0.377s] -- Found rosidl_adapter: 3.1.5 (/opt/ros/humble/share/rosidl_adapter/cmake)
[0.381s] -- Found rosidl_generator_cpp: 3.1.5 (/opt/ros/humble/share/rosidl_generator_cpp/cmake)
[0.386s] -- Using all available rosidl_typesupport_c: rosidl_typesupport_fastrtps_c;rosidl_typesupport_introspection_c
[0.394s] -- Using all available rosidl_typesupport_cpp: rosidl_typesupport_fastrtps_cpp;rosidl_typesupport_introspection_cpp
[0.414s] -- Found rmw_implementation_cmake: 6.1.2 (/opt/ros/humble/share/rmw_implementation_cmake/cmake)
[0.415s] -- Found rmw_fastrtps_cpp: 6.2.7 (/opt/ros/humble/share/rmw_fastrtps_cpp/cmake)
[0.475s] -- Found OpenSSL: /usr/lib/x86_64-linux-gnu/libcrypto.so (found version "3.0.2")  
[0.498s] -- Found FastRTPS: /opt/ros/humble/include  
[0.528s] -- Using RMW implementation 'rmw_fastrtps_cpp' as default
[0.531s] -- Looking for pthread.h
[0.580s] -- Looking for pthread.h - found
[0.580s] -- Performing Test CMAKE_HAVE_LIBC_PTHREAD
[0.621s] -- Performing Test CMAKE_HAVE_LIBC_PTHREAD - Success
[0.621s] -- Found Threads: TRUE  
[0.648s] -- Found nav_msgs: 4.2.4 (/opt/ros/humble/share/nav_msgs/cmake)
[0.663s] -- Found sensor_msgs: 4.2.4 (/opt/ros/humble/share/sensor_msgs/cmake)
[0.672s] -- Found tf2: 0.25.8 (/opt/ros/humble/share/tf2/cmake)
[0.677s] -- Found tf2_ros: 0.25.8 (/opt/ros/humble/share/tf2_ros/cmake)
[0.721s] -- Found visualization_msgs: 4.2.4 (/opt/ros/humble/share/visualization_msgs/cmake)
[0.731s] -- Found pluginlib: 5.1.0 (/opt/ros/humble/share/pluginlib/cmake)
[0.739s] -- Found tf2_geometry_msgs: 0.25.8 (/opt/ros/humble/share/tf2_geometry_msgs/cmake)
[0.744s] -- Found eigen3_cmake_module: 0.1.1 (/opt/ros/humble/share/eigen3_cmake_module/cmake)
[0.745s] -- Found Eigen3: TRUE (found version "3.4.0") 
[0.745s] -- Ensuring Eigen3 include directory is part of orocos-kdl CMake target
[0.746s] -- Found tf2_sensor_msgs: 0.25.8 (/opt/ros/humble/share/tf2_sensor_msgs/cmake)
[0.749s] -- Found std_srvs: 4.2.4 (/opt/ros/humble/share/std_srvs/cmake)
[0.754s] -- Found rosidl_default_generators: 1.2.0 (/opt/ros/humble/share/rosidl_default_generators/cmake)
[0.758s] -- Found rviz_common: 11.2.13 (/opt/ros/humble/share/rviz_common/cmake)
[0.764s] -- Setting assimp_DIR to: '/opt/ros/humble/share/rviz_assimp_vendor/cmake/../../../opt/rviz_assimp_vendor/lib/cmake/assimp-4.1'
[0.766s] -- Setting OGRE_DIR to: '/opt/ros/humble/share/rviz_ogre_vendor/cmake/../../../opt/rviz_ogre_vendor/lib/OGRE/cmake'
[0.767s] -- Found OGRE
[0.767s] --   static     : OFF
[0.767s] --   components : HLMS;MeshLodGenerator;Overlay;Paging;Property;RTShaderSystem;Terrain;Volume
[0.767s] --   plugins    : Plugin_BSPSceneManager;Plugin_OctreeSceneManager;Plugin_PCZSceneManager;Plugin_ParticleFX;RenderSystem_GL;RenderSystem_GL3Plus;Codec_STBI
[0.767s] --   media      : /opt/ros/humble/opt/rviz_ogre_vendor/share/OGRE/Media
[0.767s] -- OGRE_LIBRARIES: OgreHLMS;OgreMeshLodGenerator;OgreOverlay;OgrePaging;OgreProperty;OgreRTShaderSystem;OgreTerrain;OgreVolume;OgreMain
[0.767s] -- OGRE_LIBRARY_DIRS: /opt/ros/humble/opt/rviz_ogre_vendor/lib
[0.767s] -- OGRE_PLUGINS: Plugin_BSPSceneManager;Plugin_OctreeSceneManager;Plugin_PCZSceneManager;Plugin_ParticleFX;RenderSystem_GL;RenderSystem_GL3Plus;Codec_STBI
[0.767s] -- OGRE_PLUGIN_DIR: /opt/ros/humble/opt/rviz_ogre_vendor/lib/OGRE
[0.767s] -- rviz_ogre_vendor::OgreOverlay for IMPORTED_LOCATION_RELEASE: /opt/ros/humble/opt/rviz_ogre_vendor/lib/libOgreOverlay.so
[0.767s] -- rviz_ogre_vendor::OgreOverlay for IMPORTED_LOCATION_DEBUG: /opt/ros/humble/opt/rviz_ogre_vendor/lib/libOgreOverlay.so
[0.767s] -- rviz_ogre_vendor::OgreMain for IMPORTED_LOCATION_RELEASE: /opt/ros/humble/opt/rviz_ogre_vendor/lib/libOgreMain.so
[0.767s] -- rviz_ogre_vendor::OgreMain for IMPORTED_LOCATION_DEBUG: /opt/ros/humble/opt/rviz_ogre_vendor/lib/libOgreMain.so
[0.768s] -- Could not find freeimage library
[0.776s] -- Found ZLIB: /usr/lib/x86_64-linux-gnu/libz.so (found version "1.2.11") 
[0.778s] -- Found OpenGL: /usr/lib/x86_64-linux-gnu/libOpenGL.so   
[0.855s] -- Found X11: /usr/include   
[0.855s] -- Looking for XOpenDisplay in /usr/lib/x86_64-linux-gnu/libX11.so;/usr/lib/x86_64-linux-gnu/libXext.so
[0.921s] -- Looking for XOpenDisplay in /usr/lib/x86_64-linux-gnu/libX11.so;/usr/lib/x86_64-linux-gnu/libXext.so - found
[0.921s] -- Looking for gethostbyname
[0.974s] -- Looking for gethostbyname - found
[0.974s] -- Looking for connect
[1.037s] -- Looking for connect - found
[1.037s] -- Looking for remove
[1.104s] -- Looking for remove - found
[1.104s] -- Looking for shmat
[1.159s] -- Looking for shmat - found
[1.159s] -- Looking for IceConnectionNumber in ICE
[1.213s] -- Looking for IceConnectionNumber in ICE - found
[1.230s] -- library: CURL::libcurl
[1.246s] -- Found rviz_default_plugins: 11.2.13 (/opt/ros/humble/share/rviz_default_plugins/cmake)
[1.287s] -- Found Boost: /usr/lib/x86_64-linux-gnu/cmake/Boost-1.74.0/BoostConfig.cmake (found version "1.74.0") found components: system serialization filesystem thread 
[1.291s] -- Found PkgConfig: /usr/bin/pkg-config (found version "0.29.2") 
[1.295s] -- Found CHOLMOD: /usr/include/suitesparse  
[1.296s] -- Found CSparse: /usr/include/suitesparse  
[1.307s] -- Looking for sgemm_
[1.353s] -- Looking for sgemm_ - not found
[1.368s] -- Looking for sgemm_
[1.426s] -- Looking for sgemm_ - found
[1.426s] -- Found BLAS: /usr/lib/x86_64-linux-gnu/libopenblas.so  
[1.427s] -- Looking for cheev_
[1.486s] -- Looking for cheev_ - found
[1.486s] -- Found LAPACK: /usr/lib/x86_64-linux-gnu/libopenblas.so;-lm;-ldl  
[1.489s] -- Found METIS: /usr/include (found suitable version "5.1.0", minimum required is "5.1.0") 
[1.517s] -- Found AMD headers in: /usr/include/suitesparse
[1.517s] -- Found AMD library: /usr/lib/x86_64-linux-gnu/libamd.so
[1.517s] -- Found CAMD headers in: /usr/include/suitesparse
[1.518s] -- Found CAMD library: /usr/lib/x86_64-linux-gnu/libcamd.so
[1.518s] -- Found CCOLAMD headers in: /usr/include/suitesparse
[1.518s] -- Found CCOLAMD library: /usr/lib/x86_64-linux-gnu/libccolamd.so
[1.518s] -- Found CHOLMOD headers in: /usr/include/suitesparse
[1.518s] -- Found CHOLMOD library: /usr/lib/x86_64-linux-gnu/libcholmod.so
[1.518s] -- Found COLAMD headers in: /usr/include/suitesparse
[1.519s] -- Found COLAMD library: /usr/lib/x86_64-linux-gnu/libcolamd.so
[1.519s] -- Found SPQR headers in: /usr/include/suitesparse
[1.519s] -- Found SPQR library: /usr/lib/x86_64-linux-gnu/libspqr.so
[1.519s] -- Found Config headers in: /usr/include/suitesparse
[1.520s] -- Found Config library: /usr/lib/x86_64-linux-gnu/libsuitesparseconfig.so
[1.520s] -- Found Intel Thread Building Blocks (TBB) library (2021.5 / ) include location: . Assuming SuiteSparseQR was compiled with TBB.
[1.520s] -- Looking for shm_open in rt
[1.566s] -- Looking for shm_open in rt - found
[1.566s] -- Adding librt to SuiteSparse_config libraries (required on Linux & Unix [not OSX] if SuiteSparse is compiled with timing).
[1.567s] -- Found METIS: /usr/include (found version "5.1.0") 
[1.567s] -- Looking for cholmod_metis
[1.646s] -- Looking for cholmod_metis - found
[1.647s] -- Found SuiteSparse: /usr/include/suitesparse (found suitable version "5.10.1", minimum required is "5.10.1") found components: AMD CAMD CCOLAMD CHOLMOD COLAMD SPQR Config 
[1.648s] -- Found required Ceres dependency: Eigen version 3.4.0 in /usr/share/eigen3/cmake
[1.650s] -- Found required Ceres dependency: glog
[1.650s] -- Found required Ceres dependency: gflags
[1.651s] -- Found Ceres version: 2.2.0 installed in: /usr/local with components: [EigenSparse, SparseLinearAlgebraLibrary, LAPACK, SuiteSparse, SchurSpecializations]
[1.876s] -- Found ament_cmake_ros: 0.10.0 (/opt/ros/humble/share/ament_cmake_ros/cmake)
[2.168s] -- Using all available rosidl_typesupport_c: rosidl_typesupport_fastrtps_c;rosidl_typesupport_introspection_c
[2.286s] -- Using all available rosidl_typesupport_cpp: rosidl_typesupport_fastrtps_cpp;rosidl_typesupport_introspection_cpp
[2.302s] -- Found PythonInterp: /usr/bin/python3 (found suitable version "3.10.12", minimum required is "3.6") 
[2.303s] -- Found python_cmake_module: 0.10.0 (/opt/ros/humble/share/python_cmake_module/cmake)
[2.328s] -- Found PythonLibs: /usr/lib/x86_64-linux-gnu/libpython3.10.so (found suitable version "3.10.12", minimum required is "3.5") 
[2.328s] -- Using PYTHON_EXECUTABLE: /usr/bin/python3
[2.328s] -- Using PYTHON_INCLUDE_DIRS: /usr/include/python3.10
[2.328s] -- Using PYTHON_LIBRARIES: /usr/lib/x86_64-linux-gnu/libpython3.10.so
[2.340s] -- Found PythonExtra: .so  
[2.400s] -- Configuring done
[2.405s] [33mCMake Warning (dev):
[2.405s]   The library that is being linked to, yaml-cpp, is marked as being
[2.405s]   deprecated by the owner.  The message provided by the developer is:
[2.405s] 
[2.405s]   The target yaml-cpp is deprecated and will be removed in version 0.10.0.
[2.405s]   Use the yaml-cpp::yaml-cpp target instead.
[2.405s] 
[2.405s] This warning is for project developers.  Use -Wno-dev to suppress it.
[2.405s] [0m
[2.411s] [33mCMake Warning (dev):
[2.411s]   The library that is being linked to, yaml-cpp, is marked as being
[2.411s]   deprecated by the owner.  The message provided by the developer is:
[2.412s] 
[2.412s]   The target yaml-cpp is deprecated and will be removed in version 0.10.0.
[2.412s]   Use the yaml-cpp::yaml-cpp target instead.
[2.412s] 
[2.412s] This warning is for project developers.  Use -Wno-dev to suppress it.
[2.412s] [0m
[2.515s] -- Generating done
[2.518s] -- Build files have been written to: /home/moon/ros2_ws/src/slam_toolbox/build/slam_toolbox
[2.530s] Invoked command in '/home/moon/ros2_ws/src/slam_toolbox/build/slam_toolbox' returned '0': CMAKE_PREFIX_PATH=/opt/ros/humble /usr/bin/cmake /home/moon/ros2_ws/src/slam_toolbox -DCMAKE_INSTALL_PREFIX=/home/moon/ros2_ws/src/slam_toolbox/install/slam_toolbox
[2.531s] Invoking command in '/home/moon/ros2_ws/src/slam_toolbox/build/slam_toolbox': CMAKE_PREFIX_PATH=/opt/ros/humble /usr/bin/cmake --build /home/moon/ros2_ws/src/slam_toolbox/build/slam_toolbox -- -j20 -l20
[2.552s] [  1%] [34m[1mGenerating C code for ROS interfaces[0m
[2.557s] [  2%] [34m[1mGenerating C++ code for ROS interfaces[0m
[2.559s] [  3%] [32mBuilding CXX object lib/karto_sdk/CMakeFiles/kartoSlamToolbox.dir/src/Karto.cpp.o[0m
[2.559s] [  3%] [32mBuilding CXX object lib/karto_sdk/CMakeFiles/kartoSlamToolbox.dir/src/Mapper.cpp.o[0m
[2.560s] [  3%] Built target ament_cmake_python_copy_slam_toolbox
[2.683s] running egg_info
[2.683s] creating slam_toolbox.egg-info
[2.683s] writing slam_toolbox.egg-info/PKG-INFO
[2.683s] writing dependency_links to slam_toolbox.egg-info/dependency_links.txt
[2.683s] writing top-level names to slam_toolbox.egg-info/top_level.txt
[2.683s] writing manifest file 'slam_toolbox.egg-info/SOURCES.txt'
[2.684s] reading manifest file 'slam_toolbox.egg-info/SOURCES.txt'
[2.684s] writing manifest file 'slam_toolbox.egg-info/SOURCES.txt'
[2.698s] [  3%] Built target ament_cmake_python_build_slam_toolbox_egg
[3.011s] [  3%] Built target slam_toolbox__cpp
[3.015s] [  4%] [34m[1mGenerating C++ introspection for ROS interfaces[0m
[3.017s] [  5%] [34m[1mGenerating C++ type support dispatch for ROS interfaces[0m
[3.017s] [  5%] [34m[1mGenerating C++ type support for eProsima Fast-RTPS[0m
[3.048s] [  6%] [32mBuilding C object CMakeFiles/slam_toolbox__rosidl_generator_c.dir/rosidl_generator_c/slam_toolbox/srv/detail/toggle_interactive__functions.c.o[0m
[3.048s] [  7%] [32mBuilding C object CMakeFiles/slam_toolbox__rosidl_generator_c.dir/rosidl_generator_c/slam_toolbox/srv/detail/clear__functions.c.o[0m
[3.048s] [  8%] [32mBuilding C object CMakeFiles/slam_toolbox__rosidl_generator_c.dir/rosidl_generator_c/slam_toolbox/srv/detail/pause__functions.c.o[0m
[3.048s] [  8%] [32mBuilding C object CMakeFiles/slam_toolbox__rosidl_generator_c.dir/rosidl_generator_c/slam_toolbox/srv/detail/loop_closure__functions.c.o[0m
[3.049s] [  8%] [32mBuilding C object CMakeFiles/slam_toolbox__rosidl_generator_c.dir/rosidl_generator_c/slam_toolbox/srv/detail/clear_queue__functions.c.o[0m
[3.049s] [  9%] [32mBuilding C object CMakeFiles/slam_toolbox__rosidl_generator_c.dir/rosidl_generator_c/slam_toolbox/srv/detail/merge_maps__functions.c.o[0m
[3.049s] [ 11%] [32mBuilding C object CMakeFiles/slam_toolbox__rosidl_generator_c.dir/rosidl_generator_c/slam_toolbox/srv/detail/serialize_pose_graph__functions.c.o[0m
[3.049s] [ 11%] [32mBuilding C object CMakeFiles/slam_toolbox__rosidl_generator_c.dir/rosidl_generator_c/slam_toolbox/srv/detail/add_submap__functions.c.o[0m
[3.049s] [ 12%] [32mBuilding C object CMakeFiles/slam_toolbox__rosidl_generator_c.dir/rosidl_generator_c/slam_toolbox/srv/detail/deserialize_pose_graph__functions.c.o[0m
[3.049s] [ 12%] [32mBuilding C object CMakeFiles/slam_toolbox__rosidl_generator_c.dir/rosidl_generator_c/slam_toolbox/srv/detail/save_map__functions.c.o[0m
[3.169s] [ 13%] [32m[1mLinking C shared library libslam_toolbox__rosidl_generator_c.so[0m
[3.190s] [ 13%] Built target slam_toolbox__rosidl_generator_c
[3.195s] [ 13%] [34m[1mGenerating C type support dispatch for ROS interfaces[0m
[3.197s] [ 15%] [34m[1mGenerating C introspection for ROS interfaces[0m
[3.197s] [ 15%] [34m[1mGenerating C type support for eProsima Fast-RTPS[0m
[3.368s] [ 15%] [32mBuilding CXX object CMakeFiles/slam_toolbox__rosidl_typesupport_cpp.dir/rosidl_typesupport_cpp/slam_toolbox/srv/clear__type_support.cpp.o[0m
[3.368s] [ 17%] [32mBuilding CXX object CMakeFiles/slam_toolbox__rosidl_typesupport_cpp.dir/rosidl_typesupport_cpp/slam_toolbox/srv/loop_closure__type_support.cpp.o[0m
[3.368s] [ 17%] [32mBuilding CXX object CMakeFiles/slam_toolbox__rosidl_typesupport_cpp.dir/rosidl_typesupport_cpp/slam_toolbox/srv/toggle_interactive__type_support.cpp.o[0m
[3.369s] [ 19%] [32mBuilding CXX object CMakeFiles/slam_toolbox__rosidl_typesupport_cpp.dir/rosidl_typesupport_cpp/slam_toolbox/srv/pause__type_support.cpp.o[0m
[3.369s] [ 19%] [32mBuilding CXX object CMakeFiles/slam_toolbox__rosidl_typesupport_cpp.dir/rosidl_typesupport_cpp/slam_toolbox/srv/clear_queue__type_support.cpp.o[0m
[3.369s] [ 19%] [32mBuilding CXX object CMakeFiles/slam_toolbox__rosidl_typesupport_cpp.dir/rosidl_typesupport_cpp/slam_toolbox/srv/merge_maps__type_support.cpp.o[0m
[3.369s] [ 21%] [32mBuilding CXX object CMakeFiles/slam_toolbox__rosidl_typesupport_cpp.dir/rosidl_typesupport_cpp/slam_toolbox/srv/add_submap__type_support.cpp.o[0m
[3.369s] [ 21%] [32mBuilding CXX object CMakeFiles/slam_toolbox__rosidl_typesupport_cpp.dir/rosidl_typesupport_cpp/slam_toolbox/srv/save_map__type_support.cpp.o[0m
[3.369s] [ 22%] [32mBuilding CXX object CMakeFiles/slam_toolbox__rosidl_typesupport_cpp.dir/rosidl_typesupport_cpp/slam_toolbox/srv/deserialize_pose_graph__type_support.cpp.o[0m
[3.369s] [ 23%] [32mBuilding CXX object CMakeFiles/slam_toolbox__rosidl_typesupport_cpp.dir/rosidl_typesupport_cpp/slam_toolbox/srv/serialize_pose_graph__type_support.cpp.o[0m
[3.436s] [ 24%] [32mBuilding CXX object CMakeFiles/slam_toolbox__rosidl_typesupport_introspection_cpp.dir/rosidl_typesupport_introspection_cpp/slam_toolbox/srv/detail/clear_queue__type_support.cpp.o[0m
[3.437s] [ 25%] [32mBuilding CXX object CMakeFiles/slam_toolbox__rosidl_typesupport_introspection_cpp.dir/rosidl_typesupport_introspection_cpp/slam_toolbox/srv/detail/toggle_interactive__type_support.cpp.o[0m
[3.437s] [ 25%] [32mBuilding CXX object CMakeFiles/slam_toolbox__rosidl_typesupport_introspection_cpp.dir/rosidl_typesupport_introspection_cpp/slam_toolbox/srv/detail/pause__type_support.cpp.o[0m
[3.437s] [ 25%] [32mBuilding CXX object CMakeFiles/slam_toolbox__rosidl_typesupport_introspection_cpp.dir/rosidl_typesupport_introspection_cpp/slam_toolbox/srv/detail/clear__type_support.cpp.o[0m
[3.617s] [ 26%] [32mBuilding CXX object CMakeFiles/slam_toolbox__rosidl_typesupport_introspection_cpp.dir/rosidl_typesupport_introspection_cpp/slam_toolbox/srv/detail/save_map__type_support.cpp.o[0m
[3.621s] [ 27%] [32mBuilding CXX object CMakeFiles/slam_toolbox__rosidl_typesupport_introspection_cpp.dir/rosidl_typesupport_introspection_cpp/slam_toolbox/srv/detail/loop_closure__type_support.cpp.o[0m
[3.630s] [ 28%] [32mBuilding CXX object CMakeFiles/slam_toolbox__rosidl_typesupport_introspection_cpp.dir/rosidl_typesupport_introspection_cpp/slam_toolbox/srv/detail/merge_maps__type_support.cpp.o[0m
[3.634s] [ 28%] [32mBuilding CXX object CMakeFiles/slam_toolbox__rosidl_typesupport_introspection_cpp.dir/rosidl_typesupport_introspection_cpp/slam_toolbox/srv/detail/add_submap__type_support.cpp.o[0m
[3.639s] [ 30%] [32mBuilding CXX object CMakeFiles/slam_toolbox__rosidl_typesupport_c.dir/rosidl_typesupport_c/slam_toolbox/srv/pause__type_support.cpp.o[0m
[3.639s] [ 30%] [32mBuilding CXX object CMakeFiles/slam_toolbox__rosidl_typesupport_introspection_cpp.dir/rosidl_typesupport_introspection_cpp/slam_toolbox/srv/detail/deserialize_pose_graph__type_support.cpp.o[0m
[3.646s] [ 32%] [32mBuilding CXX object CMakeFiles/slam_toolbox__rosidl_typesupport_introspection_cpp.dir/rosidl_typesupport_introspection_cpp/slam_toolbox/srv/detail/serialize_pose_graph__type_support.cpp.o[0m
[3.647s] [ 32%] [32mBuilding CXX object CMakeFiles/slam_toolbox__rosidl_typesupport_c.dir/rosidl_typesupport_c/slam_toolbox/srv/clear_queue__type_support.cpp.o[0m
[3.664s] [ 33%] [32mBuilding CXX object CMakeFiles/slam_toolbox__rosidl_typesupport_c.dir/rosidl_typesupport_c/slam_toolbox/srv/toggle_interactive__type_support.cpp.o[0m
[3.668s] [ 33%] [32mBuilding CXX object CMakeFiles/slam_toolbox__rosidl_typesupport_c.dir/rosidl_typesupport_c/slam_toolbox/srv/clear__type_support.cpp.o[0m
[3.674s] [ 34%] [32mBuilding CXX object CMakeFiles/slam_toolbox__rosidl_typesupport_fastrtps_cpp.dir/rosidl_typesupport_fastrtps_cpp/slam_toolbox/srv/detail/dds_fastrtps/pause__type_support.cpp.o[0m
[3.674s] [ 35%] [32mBuilding CXX object CMakeFiles/slam_toolbox__rosidl_typesupport_c.dir/rosidl_typesupport_c/slam_toolbox/srv/save_map__type_support.cpp.o[0m
[3.679s] [ 36%] [32mBuilding CXX object CMakeFiles/slam_toolbox__rosidl_typesupport_c.dir/rosidl_typesupport_c/slam_toolbox/srv/loop_closure__type_support.cpp.o[0m
[3.690s] [ 36%] [32m[1mLinking CXX shared library libslam_toolbox__rosidl_typesupport_cpp.so[0m
[3.696s] [ 36%] [32mBuilding CXX object CMakeFiles/slam_toolbox__rosidl_typesupport_fastrtps_cpp.dir/rosidl_typesupport_fastrtps_cpp/slam_toolbox/srv/detail/dds_fastrtps/clear_queue__type_support.cpp.o[0m
[3.703s] [ 36%] [32mBuilding CXX object CMakeFiles/slam_toolbox__rosidl_typesupport_c.dir/rosidl_typesupport_c/slam_toolbox/srv/merge_maps__type_support.cpp.o[0m
[3.706s] [ 37%] [32mBuilding CXX object CMakeFiles/slam_toolbox__rosidl_typesupport_c.dir/rosidl_typesupport_c/slam_toolbox/srv/add_submap__type_support.cpp.o[0m
[3.710s] [ 38%] [32mBuilding CXX object CMakeFiles/slam_toolbox__rosidl_typesupport_c.dir/rosidl_typesupport_c/slam_toolbox/srv/deserialize_pose_graph__type_support.cpp.o[0m
[3.728s] [ 38%] Built target slam_toolbox__rosidl_typesupport_cpp
[3.735s] [ 39%] [32mBuilding CXX object CMakeFiles/slam_toolbox__rosidl_typesupport_fastrtps_cpp.dir/rosidl_typesupport_fastrtps_cpp/slam_toolbox/srv/detail/dds_fastrtps/toggle_interactive__type_support.cpp.o[0m
[3.735s] [ 40%] [32mBuilding CXX object CMakeFiles/slam_toolbox__rosidl_typesupport_fastrtps_cpp.dir/rosidl_typesupport_fastrtps_cpp/slam_toolbox/srv/detail/dds_fastrtps/save_map__type_support.cpp.o[0m
[3.741s] [ 42%] [32mBuilding CXX object CMakeFiles/slam_toolbox__rosidl_typesupport_fastrtps_cpp.dir/rosidl_typesupport_fastrtps_cpp/slam_toolbox/srv/detail/dds_fastrtps/clear__type_support.cpp.o[0m
[3.741s] [ 42%] [32mBuilding CXX object CMakeFiles/slam_toolbox__rosidl_typesupport_c.dir/rosidl_typesupport_c/slam_toolbox/srv/serialize_pose_graph__type_support.cpp.o[0m
[3.799s] [ 42%] [32m[1mLinking CXX shared library libslam_toolbox__rosidl_typesupport_c.so[0m
[3.810s] [ 42%] [34m[1mGenerating rviz_plugin/moc_slam_toolbox_rviz_plugin.cpp[0m
[3.839s] [ 42%] [32mBuilding CXX object CMakeFiles/slam_toolbox__rosidl_typesupport_fastrtps_cpp.dir/rosidl_typesupport_fastrtps_cpp/slam_toolbox/srv/detail/dds_fastrtps/loop_closure__type_support.cpp.o[0m
[3.842s] [ 42%] Built target slam_toolbox__rosidl_typesupport_c
[3.855s] [ 43%] [32mBuilding CXX object CMakeFiles/SlamToolboxPlugin.dir/rviz_plugin/slam_toolbox_rviz_plugin.cpp.o[0m
[3.859s] [ 44%] [32mBuilding CXX object CMakeFiles/slam_toolbox__rosidl_typesupport_fastrtps_cpp.dir/rosidl_typesupport_fastrtps_cpp/slam_toolbox/srv/detail/dds_fastrtps/merge_maps__type_support.cpp.o[0m
[3.867s] [ 45%] [32mBuilding CXX object CMakeFiles/slam_toolbox__rosidl_typesupport_fastrtps_cpp.dir/rosidl_typesupport_fastrtps_cpp/slam_toolbox/srv/detail/dds_fastrtps/add_submap__type_support.cpp.o[0m
[3.876s] [ 45%] [32mBuilding CXX object CMakeFiles/slam_toolbox__rosidl_typesupport_fastrtps_cpp.dir/rosidl_typesupport_fastrtps_cpp/slam_toolbox/srv/detail/dds_fastrtps/deserialize_pose_graph__type_support.cpp.o[0m
[3.960s] [ 45%] [32mBuilding C object CMakeFiles/slam_toolbox__rosidl_typesupport_introspection_c.dir/rosidl_typesupport_introspection_c/slam_toolbox/srv/detail/pause__type_support.c.o[0m
[3.969s] [ 46%] [32mBuilding CXX object CMakeFiles/slam_toolbox__rosidl_typesupport_fastrtps_c.dir/rosidl_typesupport_fastrtps_c/slam_toolbox/srv/detail/pause__type_support_c.cpp.o[0m
[3.994s] [ 46%] [32mBuilding CXX object CMakeFiles/slam_toolbox__rosidl_typesupport_fastrtps_c.dir/rosidl_typesupport_fastrtps_c/slam_toolbox/srv/detail/clear_queue__type_support_c.cpp.o[0m
[4.006s] [ 47%] [32mBuilding C object CMakeFiles/slam_toolbox__rosidl_typesupport_introspection_c.dir/rosidl_typesupport_introspection_c/slam_toolbox/srv/detail/clear_queue__type_support.c.o[0m
[4.035s] [ 48%] [32mBuilding C object CMakeFiles/slam_toolbox__rosidl_typesupport_introspection_c.dir/rosidl_typesupport_introspection_c/slam_toolbox/srv/detail/toggle_interactive__type_support.c.o[0m
[4.046s] [ 48%] [32mBuilding C object CMakeFiles/slam_toolbox__rosidl_typesupport_introspection_c.dir/rosidl_typesupport_introspection_c/slam_toolbox/srv/detail/clear__type_support.c.o[0m
[4.074s] [ 49%] [32mBuilding CXX object CMakeFiles/slam_toolbox__rosidl_typesupport_fastrtps_cpp.dir/rosidl_typesupport_fastrtps_cpp/slam_toolbox/srv/detail/dds_fastrtps/serialize_pose_graph__type_support.cpp.o[0m
[4.079s] [ 50%] [32mBuilding CXX object CMakeFiles/slam_toolbox__rosidl_typesupport_fastrtps_c.dir/rosidl_typesupport_fastrtps_c/slam_toolbox/srv/detail/toggle_interactive__type_support_c.cpp.o[0m
[4.097s] [ 51%] [32mBuilding CXX object CMakeFiles/SlamToolboxPlugin.dir/rviz_plugin/moc_slam_toolbox_rviz_plugin.cpp.o[0m
[4.097s] [ 52%] [32mBuilding C object CMakeFiles/slam_toolbox__rosidl_typesupport_introspection_c.dir/rosidl_typesupport_introspection_c/slam_toolbox/srv/detail/save_map__type_support.c.o[0m
[4.106s] [ 53%] [32mBuilding C object CMakeFiles/slam_toolbox__rosidl_typesupport_introspection_c.dir/rosidl_typesupport_introspection_c/slam_toolbox/srv/detail/loop_closure__type_support.c.o[0m
[4.143s] [ 53%] [32m[1mLinking CXX shared library libslam_toolbox__rosidl_typesupport_introspection_cpp.so[0m
[4.162s] [ 54%] [32mBuilding C object CMakeFiles/slam_toolbox__rosidl_typesupport_introspection_c.dir/rosidl_typesupport_introspection_c/slam_toolbox/srv/detail/merge_maps__type_support.c.o[0m
[4.179s] [ 54%] [32mBuilding C object CMakeFiles/slam_toolbox__rosidl_typesupport_introspection_c.dir/rosidl_typesupport_introspection_c/slam_toolbox/srv/detail/add_submap__type_support.c.o[0m
[4.183s] [ 55%] [32mBuilding CXX object CMakeFiles/slam_toolbox__rosidl_typesupport_fastrtps_c.dir/rosidl_typesupport_fastrtps_c/slam_toolbox/srv/detail/clear__type_support_c.cpp.o[0m
[4.189s] [ 56%] [32mBuilding C object CMakeFiles/slam_toolbox__rosidl_typesupport_introspection_c.dir/rosidl_typesupport_introspection_c/slam_toolbox/srv/detail/deserialize_pose_graph__type_support.c.o[0m
[4.199s] [ 57%] [32mBuilding C object CMakeFiles/slam_toolbox__rosidl_typesupport_introspection_c.dir/rosidl_typesupport_introspection_c/slam_toolbox/srv/detail/serialize_pose_graph__type_support.c.o[0m
[4.201s] [ 58%] [32mBuilding CXX object CMakeFiles/slam_toolbox__rosidl_typesupport_fastrtps_c.dir/rosidl_typesupport_fastrtps_c/slam_toolbox/srv/detail/save_map__type_support_c.cpp.o[0m
[4.228s] [ 58%] [32mBuilding CXX object CMakeFiles/slam_toolbox__rosidl_typesupport_fastrtps_c.dir/rosidl_typesupport_fastrtps_c/slam_toolbox/srv/detail/loop_closure__type_support_c.cpp.o[0m
[4.229s] [ 58%] Built target slam_toolbox__rosidl_typesupport_introspection_cpp
[4.237s] [ 59%] [32mBuilding CXX object CMakeFiles/slam_toolbox__rosidl_typesupport_fastrtps_c.dir/rosidl_typesupport_fastrtps_c/slam_toolbox/srv/detail/merge_maps__type_support_c.cpp.o[0m
[4.240s] [ 60%] [32mBuilding CXX object CMakeFiles/slam_toolbox__rosidl_typesupport_fastrtps_c.dir/rosidl_typesupport_fastrtps_c/slam_toolbox/srv/detail/deserialize_pose_graph__type_support_c.cpp.o[0m
[4.240s] [ 60%] [32mBuilding CXX object CMakeFiles/slam_toolbox__rosidl_typesupport_fastrtps_c.dir/rosidl_typesupport_fastrtps_c/slam_toolbox/srv/detail/add_submap__type_support_c.cpp.o[0m
[4.247s] [ 61%] [32mBuilding CXX object CMakeFiles/slam_toolbox__rosidl_typesupport_fastrtps_c.dir/rosidl_typesupport_fastrtps_c/slam_toolbox/srv/detail/serialize_pose_graph__type_support_c.cpp.o[0m
[4.256s] [ 61%] [32m[1mLinking C shared library libslam_toolbox__rosidl_typesupport_introspection_c.so[0m
[4.287s] [ 61%] Built target slam_toolbox__rosidl_typesupport_introspection_c
[4.503s] [ 62%] [32m[1mLinking CXX shared library libslam_toolbox__rosidl_typesupport_fastrtps_cpp.so[0m
[4.550s] [ 62%] Built target slam_toolbox__rosidl_typesupport_fastrtps_cpp
[4.586s] [ 63%] [32m[1mLinking CXX shared library libslam_toolbox__rosidl_typesupport_fastrtps_c.so[0m
[4.633s] [ 63%] Built target slam_toolbox__rosidl_typesupport_fastrtps_c
[4.644s] [ 63%] Built target slam_toolbox
[4.656s] [ 63%] [34m[1mGenerating Python code for ROS interfaces[0m
[5.459s] [ 63%] Built target slam_toolbox__py
[5.470s] [ 64%] [32mBuilding C object CMakeFiles/slam_toolbox__rosidl_generator_py.dir/rosidl_generator_py/slam_toolbox/srv/_pause_s.c.o[0m
[5.470s] [ 64%] [32mBuilding C object CMakeFiles/slam_toolbox__rosidl_generator_py.dir/rosidl_generator_py/slam_toolbox/srv/_save_map_s.c.o[0m
[5.470s] [ 65%] [32mBuilding C object CMakeFiles/slam_toolbox__rosidl_generator_py.dir/rosidl_generator_py/slam_toolbox/srv/_toggle_interactive_s.c.o[0m
[5.471s] [ 65%] [32mBuilding C object CMakeFiles/slam_toolbox__rosidl_generator_py.dir/rosidl_generator_py/slam_toolbox/srv/_deserialize_pose_graph_s.c.o[0m
[5.471s] [ 66%] [32mBuilding C object CMakeFiles/slam_toolbox__rosidl_generator_py.dir/rosidl_generator_py/slam_toolbox/srv/_merge_maps_s.c.o[0m
[5.471s] [ 67%] [32mBuilding C object CMakeFiles/slam_toolbox__rosidl_generator_py.dir/rosidl_generator_py/slam_toolbox/srv/_clear_queue_s.c.o[0m
[5.471s] [ 67%] [32mBuilding C object CMakeFiles/slam_toolbox__rosidl_generator_py.dir/rosidl_generator_py/slam_toolbox/srv/_clear_s.c.o[0m
[5.471s] [ 69%] [32mBuilding C object CMakeFiles/slam_toolbox__rosidl_generator_py.dir/rosidl_generator_py/slam_toolbox/srv/_loop_closure_s.c.o[0m
[5.471s] [ 69%] [32mBuilding C object CMakeFiles/slam_toolbox__rosidl_generator_py.dir/rosidl_generator_py/slam_toolbox/srv/_add_submap_s.c.o[0m
[5.472s] [ 70%] [32mBuilding C object CMakeFiles/slam_toolbox__rosidl_generator_py.dir/rosidl_generator_py/slam_toolbox/srv/_serialize_pose_graph_s.c.o[0m
[5.577s] [ 71%] [32m[1mLinking C shared library rosidl_generator_py/slam_toolbox/libslam_toolbox__rosidl_generator_py.so[0m
[5.601s] [ 71%] Built target slam_toolbox__rosidl_generator_py
[5.610s] [ 72%] [32mBuilding C object CMakeFiles/slam_toolbox__rosidl_typesupport_c__pyext.dir/rosidl_generator_py/slam_toolbox/_slam_toolbox_s.ep.rosidl_typesupport_c.c.o[0m
[5.611s] [ 74%] [32mBuilding C object CMakeFiles/slam_toolbox__rosidl_typesupport_fastrtps_c__pyext.dir/rosidl_generator_py/slam_toolbox/_slam_toolbox_s.ep.rosidl_typesupport_fastrtps_c.c.o[0m
[5.611s] [ 74%] [32mBuilding C object CMakeFiles/slam_toolbox__rosidl_typesupport_introspection_c__pyext.dir/rosidl_generator_py/slam_toolbox/_slam_toolbox_s.ep.rosidl_typesupport_introspection_c.c.o[0m
[5.808s] [ 74%] [32m[1mLinking C shared library rosidl_generator_py/slam_toolbox/slam_toolbox_s__rosidl_typesupport_fastrtps_c.cpython-310-x86_64-linux-gnu.so[0m
[5.809s] [ 75%] [32m[1mLinking C shared library rosidl_generator_py/slam_toolbox/slam_toolbox_s__rosidl_typesupport_c.cpython-310-x86_64-linux-gnu.so[0m
[5.813s] [ 76%] [32m[1mLinking C shared library rosidl_generator_py/slam_toolbox/slam_toolbox_s__rosidl_typesupport_introspection_c.cpython-310-x86_64-linux-gnu.so[0m
[5.834s] [ 76%] Built target slam_toolbox__rosidl_typesupport_fastrtps_c__pyext
[5.838s] [ 76%] Built target slam_toolbox__rosidl_typesupport_c__pyext
[5.838s] [ 76%] Built target slam_toolbox__rosidl_typesupport_introspection_c__pyext
[14.240s] [ 77%] [32m[1mLinking CXX shared library libkartoSlamToolbox.so[0m
[14.422s] [ 77%] Built target kartoSlamToolbox
[14.432s] [ 79%] [32mBuilding CXX object CMakeFiles/toolbox_common.dir/src/map_saver.cpp.o[0m
[14.432s] [ 79%] [32mBuilding CXX object CMakeFiles/toolbox_common.dir/src/slam_toolbox_common.cpp.o[0m
[14.432s] [ 80%] [32mBuilding CXX object CMakeFiles/toolbox_common.dir/src/laser_utils.cpp.o[0m
[14.432s] [ 82%] [32mBuilding CXX object CMakeFiles/toolbox_common.dir/src/slam_mapper.cpp.o[0m
[14.432s] [ 82%] [32mBuilding CXX object CMakeFiles/ceres_solver_plugin.dir/solvers/ceres_solver.cpp.o[0m
[14.433s] [ 82%] [32mBuilding CXX object CMakeFiles/toolbox_common.dir/src/loop_closure_assistant.cpp.o[0m
[14.497s] In file included from [01m[K/home/moon/ros2_ws/src/slam_toolbox/solvers/ceres_solver.cpp:9[m[K:
[14.497s] [01m[K/home/moon/ros2_ws/src/slam_toolbox/solvers/ceres_solver.hpp:10:10:[m[K [01;31m[Kfatal error: [m[Kceres/local_parameterization.h: 그런 파일이나 디렉터리가 없습니다
[14.497s]    10 | #include [01;31m[K<ceres/local_parameterization.h>[m[K
[14.497s]       |          [01;31m[K^~~~~~~~~~~~~~~~~~~~~~~~~~~~~~~~[m[K
[14.497s] compilation terminated.
[14.498s] gmake[2]: *** [CMakeFiles/ceres_solver_plugin.dir/build.make:76: CMakeFiles/ceres_solver_plugin.dir/solvers/ceres_solver.cpp.o] 오류 1
[14.499s] gmake[1]: *** [CMakeFiles/Makefile2:665: CMakeFiles/ceres_solver_plugin.dir/all] 오류 2
[14.499s] gmake[1]: *** 끝나지 않은 작업을 기다리고 있습니다....
[15.825s] [ 82%] [32m[1mLinking CXX shared library libSlamToolboxPlugin.so[0m
[16.684s] [ 82%] Built target SlamToolboxPlugin
[32.301s] [ 83%] [32m[1mLinking CXX shared library libtoolbox_common.so[0m
[32.654s] [ 83%] Built target toolbox_common
[32.655s] gmake: *** [Makefile:146: all] 오류 2
[32.656s] Invoked command in '/home/moon/ros2_ws/src/slam_toolbox/build/slam_toolbox' returned '2': CMAKE_PREFIX_PATH=/opt/ros/humble /usr/bin/cmake --build /home/moon/ros2_ws/src/slam_toolbox/build/slam_toolbox -- -j20 -l20
